2019-07-02 12:05:55,345  * Running on http://127.0.0.1:5000/ (Press CTRL+C to quit)
2019-07-02 12:05:58,685 Pre-request time stamp
2019-07-02 12:05:58,685 1562049358685
2019-07-02 12:05:58,690 Starting new HTTPS connection (1): api.github.com:443
2019-07-02 12:06:00,900 https://api.github.com:443 "GET /orgs/qwertbnm/repos?per_page=100 HTTP/1.1" 200 2
2019-07-02 12:06:00,902 {'Date': 'Tue, 02 Jul 2019 06:36:00 GMT', 'Content-Type': 'application/json; charset=utf-8', 'Content-Length': '2', 'Server': 'GitHub.com', 'Status': '200 OK', 'X-RateLimit-Limit': '5000', 'X-RateLimit-Remaining': '4998', 'X-RateLimit-Reset': '1562052935', 'Cache-Control': 'private, max-age=60, s-maxage=60', 'Vary': 'Accept, Authorization, Cookie, X-GitHub-OTP, Accept-Encoding', 'ETag': '"dbde14cd88399bc96ef21c6f1d445138"', 'X-OAuth-Scopes': 'admin:org, read:packages, repo', 'X-Accepted-OAuth-Scopes': '', 'X-GitHub-Media-Type': 'github.v3; format=json', 'Access-Control-Expose-Headers': 'ETag, Link, Location, Retry-After, X-GitHub-OTP, X-RateLimit-Limit, X-RateLimit-Remaining, X-RateLimit-Reset, X-OAuth-Scopes, X-Accepted-OAuth-Scopes, X-Poll-Interval, X-GitHub-Media-Type', 'Access-Control-Allow-Origin': '*', 'Strict-Transport-Security': 'max-age=31536000; includeSubdomains; preload', 'X-Frame-Options': 'deny', 'X-Content-Type-Options': 'nosniff', 'X-XSS-Protection': '1; mode=block', 'Referrer-Policy': 'origin-when-cross-origin, strict-origin-when-cross-origin', 'Content-Security-Policy': "default-src 'none'", 'X-GitHub-Request-Id': '5F49:0185:CAA20:13A0F7:5D1AFB4F'}
2019-07-02 12:06:00,903 ----Page number:--------
2019-07-02 12:06:00,903 1
2019-07-02 12:06:00,906 Starting new HTTPS connection (1): api.github.com:443
2019-07-02 12:06:03,697 https://api.github.com:443 "GET /orgs/qwertbnm/repos?page=1 HTTP/1.1" 200 2
2019-07-02 12:06:03,700 -------------------------Number of repos-------------------------
2019-07-02 12:06:03,700 0
2019-07-02 12:06:03,700 ----------------------------------End of Number of repos-----------------------
2019-07-02 12:06:03,700 --------------- Sorted list of repos on basis of github stars--------------
2019-07-02 12:06:03,700 []
2019-07-02 12:06:03,700 ---------------- End of sorted list --------------
2019-07-02 12:06:03,700 -----------------Final Results of top 3 repos-----------------------
2019-07-02 12:06:03,701 {'results': []}
2019-07-02 12:06:03,701 ------------------End of Final top 3 repos---------------------
2019-07-02 12:06:03,701 ----------- Post response time stamp--------------
2019-07-02 12:06:03,701 1562049363701
2019-07-02 12:06:03,702 127.0.0.1 - - [02/Jul/2019 12:06:03] "POST /repos HTTP/1.1" 200 -
2019-07-02 12:09:54,478 Pre-request time stamp
2019-07-02 12:09:54,478 1562049594478
2019-07-02 12:09:54,482 Starting new HTTPS connection (1): api.github.com:443
2019-07-02 12:09:56,990 https://api.github.com:443 "GET /orgs/qwertbnm/repos?per_page=100 HTTP/1.1" 200 None
2019-07-02 12:09:56,993 {'Server': 'GitHub.com', 'Date': 'Tue, 02 Jul 2019 06:39:56 GMT', 'Content-Type': 'application/json; charset=utf-8', 'Transfer-Encoding': 'chunked', 'Status': '200 OK', 'X-RateLimit-Limit': '5000', 'X-RateLimit-Remaining': '4996', 'X-RateLimit-Reset': '1562052935', 'Cache-Control': 'private, max-age=60, s-maxage=60', 'Vary': 'Accept, Authorization, Cookie, X-GitHub-OTP', 'ETag': 'W/"fef10978df2d09a79dfcff57e9c3fcb9"', 'X-OAuth-Scopes': 'admin:org, read:packages, repo', 'X-Accepted-OAuth-Scopes': '', 'X-GitHub-Media-Type': 'github.v3; format=json', 'Access-Control-Expose-Headers': 'ETag, Link, Location, Retry-After, X-GitHub-OTP, X-RateLimit-Limit, X-RateLimit-Remaining, X-RateLimit-Reset, X-OAuth-Scopes, X-Accepted-OAuth-Scopes, X-Poll-Interval, X-GitHub-Media-Type', 'Access-Control-Allow-Origin': '*', 'Strict-Transport-Security': 'max-age=31536000; includeSubdomains; preload', 'X-Frame-Options': 'deny', 'X-Content-Type-Options': 'nosniff', 'X-XSS-Protection': '1; mode=block', 'Referrer-Policy': 'origin-when-cross-origin, strict-origin-when-cross-origin', 'Content-Security-Policy': "default-src 'none'", 'Content-Encoding': 'gzip', 'X-GitHub-Request-Id': '3BF5:03F6:57BFD2:ABC1D0:5D1AFC3A'}
2019-07-02 12:09:56,993 ----Page number:--------
2019-07-02 12:09:56,993 1
2019-07-02 12:09:56,997 Starting new HTTPS connection (1): api.github.com:443
2019-07-02 12:09:59,244 https://api.github.com:443 "GET /orgs/qwertbnm/repos?page=1 HTTP/1.1" 200 None
2019-07-02 12:09:59,247 -------------------------Number of repos-------------------------
2019-07-02 12:09:59,247 3
2019-07-02 12:09:59,247 ----------------------------------End of Number of repos-----------------------
2019-07-02 12:09:59,247 --------------- Sorted list of repos on basis of github stars--------------
2019-07-02 12:09:59,247 [('repo1', 0), ('repo_2', 0), ('repo_3', 0)]
2019-07-02 12:09:59,247 ---------------- End of sorted list --------------
2019-07-02 12:09:59,247 -----------------Final Results of top 3 repos-----------------------
2019-07-02 12:09:59,247 {'results': [{'name': 'repo_3', 'stars': 0}, {'name': 'repo_2', 'stars': 0}, {'name': 'repo1', 'stars': 0}]}
2019-07-02 12:09:59,247 ------------------End of Final top 3 repos---------------------
2019-07-02 12:09:59,248 ----------- Post response time stamp--------------
2019-07-02 12:09:59,248 1562049599248
2019-07-02 12:09:59,248 127.0.0.1 - - [02/Jul/2019 12:09:59] "POST /repos HTTP/1.1" 200 -
2019-07-02 12:11:31,217 Pre-request time stamp
2019-07-02 12:11:31,217 1562049691217
2019-07-02 12:11:31,220 Starting new HTTPS connection (1): api.github.com:443
2019-07-02 12:11:33,032 https://api.github.com:443 "GET /orgs/qwertbnm/repos?per_page=100 HTTP/1.1" 200 None
2019-07-02 12:11:33,036 {'Date': 'Tue, 02 Jul 2019 06:41:32 GMT', 'Content-Type': 'application/json; charset=utf-8', 'Transfer-Encoding': 'chunked', 'Server': 'GitHub.com', 'Status': '200 OK', 'X-RateLimit-Limit': '5000', 'X-RateLimit-Remaining': '4994', 'X-RateLimit-Reset': '1562052935', 'Cache-Control': 'private, max-age=60, s-maxage=60', 'Vary': 'Accept, Authorization, Cookie, X-GitHub-OTP, Accept-Encoding', 'ETag': 'W/"8090135a0aa407857f863f1ed80749e1"', 'X-OAuth-Scopes': 'admin:org, read:packages, repo', 'X-Accepted-OAuth-Scopes': '', 'X-GitHub-Media-Type': 'github.v3; format=json', 'Access-Control-Expose-Headers': 'ETag, Link, Location, Retry-After, X-GitHub-OTP, X-RateLimit-Limit, X-RateLimit-Remaining, X-RateLimit-Reset, X-OAuth-Scopes, X-Accepted-OAuth-Scopes, X-Poll-Interval, X-GitHub-Media-Type', 'Access-Control-Allow-Origin': '*', 'Strict-Transport-Security': 'max-age=31536000; includeSubdomains; preload', 'X-Frame-Options': 'deny', 'X-Content-Type-Options': 'nosniff', 'X-XSS-Protection': '1; mode=block', 'Referrer-Policy': 'origin-when-cross-origin, strict-origin-when-cross-origin', 'Content-Security-Policy': "default-src 'none'", 'Content-Encoding': 'gzip', 'X-GitHub-Request-Id': '3168:4E4A:D42A0:14DD83:5D1AFC9B'}
2019-07-02 12:11:33,036 ----Page number:--------
2019-07-02 12:11:33,036 1
2019-07-02 12:11:33,042 Starting new HTTPS connection (1): api.github.com:443
2019-07-02 12:11:34,877 https://api.github.com:443 "GET /orgs/qwertbnm/repos?page=1 HTTP/1.1" 200 None
2019-07-02 12:11:34,880 -------------------------Number of repos-------------------------
2019-07-02 12:11:34,880 4
2019-07-02 12:11:34,880 ----------------------------------End of Number of repos-----------------------
2019-07-02 12:11:34,881 --------------- Sorted list of repos on basis of github stars--------------
2019-07-02 12:11:34,881 [('repo1', 0), ('repo_2', 0), ('repo_3', 0), ('repo_4', 0)]
2019-07-02 12:11:34,881 ---------------- End of sorted list --------------
2019-07-02 12:11:34,881 -----------------Final Results of top 3 repos-----------------------
2019-07-02 12:11:34,881 {'results': [{'name': 'repo_4', 'stars': 0}, {'name': 'repo_3', 'stars': 0}, {'name': 'repo_2', 'stars': 0}]}
2019-07-02 12:11:34,881 ------------------End of Final top 3 repos---------------------
2019-07-02 12:11:34,881 ----------- Post response time stamp--------------
2019-07-02 12:11:34,881 1562049694882
2019-07-02 12:11:34,882 127.0.0.1 - - [02/Jul/2019 12:11:34] "POST /repos HTTP/1.1" 200 -
2019-07-02 12:11:39,600 Pre-request time stamp
2019-07-02 12:11:39,600 1562049699600
2019-07-02 12:11:39,603 Starting new HTTPS connection (1): api.github.com:443
2019-07-02 12:11:41,640 https://api.github.com:443 "GET /orgs/qwertbnm/repos?per_page=100 HTTP/1.1" 200 None
2019-07-02 12:11:41,643 {'Date': 'Tue, 02 Jul 2019 06:41:41 GMT', 'Content-Type': 'application/json; charset=utf-8', 'Transfer-Encoding': 'chunked', 'Server': 'GitHub.com', 'Status': '200 OK', 'X-RateLimit-Limit': '5000', 'X-RateLimit-Remaining': '4992', 'X-RateLimit-Reset': '1562052935', 'Cache-Control': 'private, max-age=60, s-maxage=60', 'Vary': 'Accept, Authorization, Cookie, X-GitHub-OTP, Accept-Encoding', 'ETag': 'W/"8090135a0aa407857f863f1ed80749e1"', 'X-OAuth-Scopes': 'admin:org, read:packages, repo', 'X-Accepted-OAuth-Scopes': '', 'X-GitHub-Media-Type': 'github.v3; format=json', 'Access-Control-Expose-Headers': 'ETag, Link, Location, Retry-After, X-GitHub-OTP, X-RateLimit-Limit, X-RateLimit-Remaining, X-RateLimit-Reset, X-OAuth-Scopes, X-Accepted-OAuth-Scopes, X-Poll-Interval, X-GitHub-Media-Type', 'Access-Control-Allow-Origin': '*', 'Strict-Transport-Security': 'max-age=31536000; includeSubdomains; preload', 'X-Frame-Options': 'deny', 'X-Content-Type-Options': 'nosniff', 'X-XSS-Protection': '1; mode=block', 'Referrer-Policy': 'origin-when-cross-origin, strict-origin-when-cross-origin', 'Content-Security-Policy': "default-src 'none'", 'Content-Encoding': 'gzip', 'X-GitHub-Request-Id': '73B0:2CAF:BC960:125605:5D1AFCA4'}
2019-07-02 12:11:41,643 ----Page number:--------
2019-07-02 12:11:41,643 1
2019-07-02 12:11:41,647 Starting new HTTPS connection (1): api.github.com:443
2019-07-02 12:11:43,894 https://api.github.com:443 "GET /orgs/qwertbnm/repos?page=1 HTTP/1.1" 200 None
2019-07-02 12:11:43,897 -------------------------Number of repos-------------------------
2019-07-02 12:11:43,897 4
2019-07-02 12:11:43,897 ----------------------------------End of Number of repos-----------------------
2019-07-02 12:11:43,897 --------------- Sorted list of repos on basis of github stars--------------
2019-07-02 12:11:43,897 [('repo1', 0), ('repo_2', 0), ('repo_3', 0), ('repo_4', 0)]
2019-07-02 12:11:43,897 ---------------- End of sorted list --------------
2019-07-02 12:11:43,898 -----------------Final Results of top 3 repos-----------------------
2019-07-02 12:11:43,898 {'results': [{'name': 'repo_4', 'stars': 0}, {'name': 'repo_3', 'stars': 0}, {'name': 'repo_2', 'stars': 0}]}
2019-07-02 12:11:43,898 ------------------End of Final top 3 repos---------------------
2019-07-02 12:11:43,898 ----------- Post response time stamp--------------
2019-07-02 12:11:43,898 1562049703898
2019-07-02 12:11:43,898 127.0.0.1 - - [02/Jul/2019 12:11:43] "POST /repos HTTP/1.1" 200 -
2019-07-02 12:11:47,786 Pre-request time stamp
2019-07-02 12:11:47,786 1562049707786
2019-07-02 12:11:47,790 Starting new HTTPS connection (1): api.github.com:443
2019-07-02 12:11:49,561 https://api.github.com:443 "GET /orgs/qwertbnm/repos?per_page=100 HTTP/1.1" 200 None
2019-07-02 12:11:49,564 {'Date': 'Tue, 02 Jul 2019 06:41:49 GMT', 'Content-Type': 'application/json; charset=utf-8', 'Transfer-Encoding': 'chunked', 'Server': 'GitHub.com', 'Status': '200 OK', 'X-RateLimit-Limit': '5000', 'X-RateLimit-Remaining': '4990', 'X-RateLimit-Reset': '1562052935', 'Cache-Control': 'private, max-age=60, s-maxage=60', 'Vary': 'Accept, Authorization, Cookie, X-GitHub-OTP, Accept-Encoding', 'ETag': 'W/"8090135a0aa407857f863f1ed80749e1"', 'X-OAuth-Scopes': 'admin:org, read:packages, repo', 'X-Accepted-OAuth-Scopes': '', 'X-GitHub-Media-Type': 'github.v3; format=json', 'Access-Control-Expose-Headers': 'ETag, Link, Location, Retry-After, X-GitHub-OTP, X-RateLimit-Limit, X-RateLimit-Remaining, X-RateLimit-Reset, X-OAuth-Scopes, X-Accepted-OAuth-Scopes, X-Poll-Interval, X-GitHub-Media-Type', 'Access-Control-Allow-Origin': '*', 'Strict-Transport-Security': 'max-age=31536000; includeSubdomains; preload', 'X-Frame-Options': 'deny', 'X-Content-Type-Options': 'nosniff', 'X-XSS-Protection': '1; mode=block', 'Referrer-Policy': 'origin-when-cross-origin, strict-origin-when-cross-origin', 'Content-Security-Policy': "default-src 'none'", 'Content-Encoding': 'gzip', 'X-GitHub-Request-Id': '775F:473F:D32DC:143846:5D1AFCAC'}
2019-07-02 12:11:49,564 ----Page number:--------
2019-07-02 12:11:49,564 1
2019-07-02 12:11:49,570 Starting new HTTPS connection (1): api.github.com:443
2019-07-02 12:11:51,266 https://api.github.com:443 "GET /orgs/qwertbnm/repos?page=1 HTTP/1.1" 200 None
2019-07-02 12:11:51,269 -------------------------Number of repos-------------------------
2019-07-02 12:11:51,270 4
2019-07-02 12:11:51,270 ----------------------------------End of Number of repos-----------------------
2019-07-02 12:11:51,270 --------------- Sorted list of repos on basis of github stars--------------
2019-07-02 12:11:51,270 [('repo1', 0), ('repo_2', 0), ('repo_3', 0), ('repo_4', 0)]
2019-07-02 12:11:51,270 ---------------- End of sorted list --------------
2019-07-02 12:11:51,270 -----------------Final Results of top 3 repos-----------------------
2019-07-02 12:11:51,270 {'results': [{'name': 'repo_4', 'stars': 0}, {'name': 'repo_3', 'stars': 0}, {'name': 'repo_2', 'stars': 0}]}
2019-07-02 12:11:51,270 ------------------End of Final top 3 repos---------------------
2019-07-02 12:11:51,270 ----------- Post response time stamp--------------
2019-07-02 12:11:51,271 1562049711271
2019-07-02 12:11:51,271 127.0.0.1 - - [02/Jul/2019 12:11:51] "POST /repos HTTP/1.1" 200 -
